<?xml version="1.0" encoding="UTF-8"?>
<!-- Generated by org.testng.reporters.JUnitXMLReporter -->
<testsuite ignored="1" hostname="DESKTOP-4DC0283" failures="0" tests="1" name="Default test" time="55.307" errors="0" timestamp="2024-04-13T21:16:00 IST">
  <testcase classname="com.softwaretestingboard.magento.Test.CartTest" name="VerifyRemoveProdFromCart" time="25.429"/>
  <testcase classname="com.softwaretestingboard.magento.Test.CartTest" name="VerifyEditBtnInCart" time="0.0">
    <ignored/>
  </testcase> <!-- VerifyEditBtnInCart -->
</testsuite> <!-- Default test -->
