<?xml version="1.0" encoding="UTF-8"?>
<testng-results ignored="1" total="2" passed="1" failed="0" skipped="0">
  <reporter-output>
  </reporter-output>
  <suite started-at="2024-04-13T21:15:05 IST" name="Default suite" finished-at="2024-04-13T21:16:00 IST" duration-ms="55307">
    <groups>
    </groups>
    <test started-at="2024-04-13T21:15:05 IST" name="Default test" finished-at="2024-04-13T21:16:00 IST" duration-ms="55307">
      <class name="com.softwaretestingboard.magento.Test.CartTest">
        <test-method is-config="true" signature="setUp()[pri:0, instance:com.softwaretestingboard.magento.Test.CartTest@76f2bbc1]" started-at="2024-04-13T21:15:05 IST" name="setUp" finished-at="2024-04-13T21:15:34 IST" duration-ms="29085" status="PASS">
          <reporter-output>
          </reporter-output>
        </test-method> <!-- setUp -->
        <test-method signature="VerifyRemoveProdFromCart()[pri:0, instance:com.softwaretestingboard.magento.Test.CartTest@76f2bbc1]" started-at="2024-04-13T21:15:34 IST" name="VerifyRemoveProdFromCart" finished-at="2024-04-13T21:16:00 IST" duration-ms="25429" status="PASS">
          <reporter-output>
          </reporter-output>
        </test-method> <!-- VerifyRemoveProdFromCart -->
        <test-method is-config="true" signature="tearDown()[pri:0, instance:com.softwaretestingboard.magento.Test.CartTest@76f2bbc1]" started-at="2024-04-13T21:16:00 IST" name="tearDown" finished-at="2024-04-13T21:16:00 IST" duration-ms="771" status="PASS">
          <reporter-output>
          </reporter-output>
        </test-method> <!-- tearDown -->
      </class> <!-- com.softwaretestingboard.magento.Test.CartTest -->
    </test> <!-- Default test -->
  </suite> <!-- Default suite -->
</testng-results>
